02-05-2023 10:55:09 $ Using device='cuda'
02-05-2023 10:55:09 $ Experiment 1/3
Model with configuration: dataset=CIFAR10, model=ResNet18, embedding_dim=1024, whitening=Disable, num_unfrozen_layers=1, ind. loss=None, reg. loss=None, class. loss=Enable, batch=10/10, margin=0.2, num_epochs_in_step=3, num_epoch_steps=2
02-05-2023 10:55:48 $ loss = 2.44, ranking_loss = 0.29, regularization_loss = 0.00, independence_loss = 0.00, classification_loss = 2.14, accuracy = 0.65
02-05-2023 10:56:38 $ loss = 1.84, ranking_loss = 0.42, regularization_loss = 0.00, independence_loss = 0.00, classification_loss = 1.42, accuracy = 0.79
02-05-2023 10:58:06 $ loss = 1.47, ranking_loss = 0.45, regularization_loss = 0.00, independence_loss = 0.00, classification_loss = 1.02, accuracy = 0.80
02-05-2023 11:01:28 $ loss = 1.26, ranking_loss = 0.45, regularization_loss = 0.00, independence_loss = 0.00, classification_loss = 0.81, accuracy = 0.81
02-05-2023 11:03:19 $ loss = 1.15, ranking_loss = 0.44, regularization_loss = 0.00, independence_loss = 0.00, classification_loss = 0.71, accuracy = 0.82
02-05-2023 11:05:11 $ loss = 1.08, ranking_loss = 0.43, regularization_loss = 0.00, independence_loss = 0.00, classification_loss = 0.65, accuracy = 0.82
02-05-2023 11:06:59 $ Experiment 2/3
Model with configuration: dataset=CIFAR10, model=ResNet18, embedding_dim=1024, whitening=Disable, num_unfrozen_layers=3, ind. loss=None, reg. loss=None, class. loss=Enable, batch=10/10, margin=0.2, num_epochs_in_step=3, num_epoch_steps=2
02-05-2023 11:09:19 $ loss = 2.02, ranking_loss = 0.30, regularization_loss = 0.00, independence_loss = 0.00, classification_loss = 1.72, accuracy = 0.82
02-05-2023 11:11:43 $ loss = 0.93, ranking_loss = 0.24, regularization_loss = 0.00, independence_loss = 0.00, classification_loss = 0.69, accuracy = 0.94
02-05-2023 11:14:05 $ loss = 0.50, ranking_loss = 0.16, regularization_loss = 0.00, independence_loss = 0.00, classification_loss = 0.33, accuracy = 0.96
02-05-2023 11:18:12 $ loss = 0.28, ranking_loss = 0.11, regularization_loss = 0.00, independence_loss = 0.00, classification_loss = 0.17, accuracy = 0.98
02-05-2023 11:20:36 $ loss = 0.17, ranking_loss = 0.07, regularization_loss = 0.00, independence_loss = 0.00, classification_loss = 0.10, accuracy = 0.98
02-05-2023 11:22:58 $ loss = 0.13, ranking_loss = 0.06, regularization_loss = 0.00, independence_loss = 0.00, classification_loss = 0.07, accuracy = 0.99
02-05-2023 11:24:47 $ Experiment 3/3
Model with configuration: dataset=CIFAR10, model=ResNet18, embedding_dim=1024, whitening=Disable, num_unfrozen_layers=All, ind. loss=None, reg. loss=None, class. loss=Enable, batch=10/10, margin=0.2, num_epochs_in_step=3, num_epoch_steps=2
02-05-2023 11:30:32 $ loss = 1.88, ranking_loss = 0.26, regularization_loss = 0.00, independence_loss = 0.00, classification_loss = 1.62, accuracy = 0.86
02-05-2023 11:36:18 $ loss = 0.79, ranking_loss = 0.17, regularization_loss = 0.00, independence_loss = 0.00, classification_loss = 0.62, accuracy = 0.96
02-05-2023 11:41:54 $ loss = 0.40, ranking_loss = 0.11, regularization_loss = 0.00, independence_loss = 0.00, classification_loss = 0.29, accuracy = 0.97
02-05-2023 11:49:02 $ loss = 0.23, ranking_loss = 0.08, regularization_loss = 0.00, independence_loss = 0.00, classification_loss = 0.15, accuracy = 0.98
02-05-2023 11:54:36 $ loss = 0.14, ranking_loss = 0.06, regularization_loss = 0.00, independence_loss = 0.00, classification_loss = 0.09, accuracy = 0.99
02-05-2023 12:00:16 $ loss = 0.11, ranking_loss = 0.04, regularization_loss = 0.00, independence_loss = 0.00, classification_loss = 0.06, accuracy = 0.99
