23-05-2023 00:06:05 $ Using device='cuda'
23-05-2023 00:06:05 $ Experiment 1/12
Model with configuration: dataset=CIFAR10, model=AlexNet, embedding_dim=1024, whitening=Disable, num_unfrozen_layers=All, ind. loss=None, reg. loss=None, class. loss=Enable, batch=10/10, margin=0.2, num_epochs_in_step=1, num_epoch_steps=5
23-05-2023 00:07:35 $ loss = 2.51, ranking_loss = 0.21, regularization_loss = 0.00, independence_loss = 0.00, classification_loss = 2.30, accuracy = 0.34
23-05-2023 00:10:02 $ loss = 2.26, ranking_loss = 0.36, regularization_loss = 0.00, independence_loss = 0.00, classification_loss = 1.89, accuracy = 0.61
23-05-2023 00:12:34 $ loss = 1.58, ranking_loss = 0.44, regularization_loss = 0.00, independence_loss = 0.00, classification_loss = 1.14, accuracy = 0.79
23-05-2023 00:15:06 $ loss = 1.15, ranking_loss = 0.42, regularization_loss = 0.00, independence_loss = 0.00, classification_loss = 0.73, accuracy = 0.84
23-05-2023 00:17:37 $ loss = 0.91, ranking_loss = 0.38, regularization_loss = 0.00, independence_loss = 0.00, classification_loss = 0.53, accuracy = 0.86
23-05-2023 00:18:26 $ Experiment 2/12
Model with configuration: dataset=CIFAR10, model=AlexNet, embedding_dim=1024, whitening=Disable, num_unfrozen_layers=All, ind. loss=CorrMatLoss, reg. loss=None, class. loss=Enable, batch=10/10, margin=0.2, num_epochs_in_step=1, num_epoch_steps=5
23-05-2023 00:20:18 $ loss = 3.36, ranking_loss = 0.21, regularization_loss = 0.00, independence_loss = 0.85, classification_loss = 2.30, accuracy = 0.13
23-05-2023 00:22:52 $ loss = 3.33, ranking_loss = 0.20, regularization_loss = 0.00, independence_loss = 0.83, classification_loss = 2.30, accuracy = 0.12
23-05-2023 00:25:33 $ loss = 3.33, ranking_loss = 0.20, regularization_loss = 0.00, independence_loss = 0.82, classification_loss = 2.30, accuracy = 0.10
23-05-2023 00:28:12 $ loss = 3.33, ranking_loss = 0.20, regularization_loss = 0.00, independence_loss = 0.82, classification_loss = 2.30, accuracy = 0.10
23-05-2023 00:30:49 $ loss = 3.32, ranking_loss = 0.20, regularization_loss = 0.00, independence_loss = 0.82, classification_loss = 2.30, accuracy = 0.10
23-05-2023 00:31:37 $ Experiment 3/12
Model with configuration: dataset=CIFAR10, model=ResNet18, embedding_dim=1024, whitening=Disable, num_unfrozen_layers=All, ind. loss=None, reg. loss=None, class. loss=Enable, batch=10/10, margin=0.2, num_epochs_in_step=1, num_epoch_steps=5
23-05-2023 00:36:58 $ loss = 1.89, ranking_loss = 0.26, regularization_loss = 0.00, independence_loss = 0.00, classification_loss = 1.63, accuracy = 0.85
23-05-2023 00:44:14 $ loss = 0.77, ranking_loss = 0.16, regularization_loss = 0.00, independence_loss = 0.00, classification_loss = 0.61, accuracy = 0.96
23-05-2023 00:51:24 $ loss = 0.37, ranking_loss = 0.11, regularization_loss = 0.00, independence_loss = 0.00, classification_loss = 0.26, accuracy = 0.97
23-05-2023 00:58:31 $ loss = 0.20, ranking_loss = 0.08, regularization_loss = 0.00, independence_loss = 0.00, classification_loss = 0.13, accuracy = 0.98
23-05-2023 01:05:39 $ loss = 0.13, ranking_loss = 0.06, regularization_loss = 0.00, independence_loss = 0.00, classification_loss = 0.08, accuracy = 0.99
23-05-2023 01:07:21 $ Experiment 4/12
Model with configuration: dataset=CIFAR10, model=ResNet18, embedding_dim=1024, whitening=Disable, num_unfrozen_layers=All, ind. loss=CorrMatLoss, reg. loss=None, class. loss=Enable, batch=10/10, margin=0.2, num_epochs_in_step=1, num_epoch_steps=5
23-05-2023 01:12:47 $ loss = 3.44, ranking_loss = 0.24, regularization_loss = 0.00, independence_loss = 0.91, classification_loss = 2.29, accuracy = 0.60
23-05-2023 01:19:55 $ loss = 3.38, ranking_loss = 0.22, regularization_loss = 0.00, independence_loss = 0.88, classification_loss = 2.28, accuracy = 0.79
23-05-2023 01:27:04 $ loss = 2.74, ranking_loss = 0.23, regularization_loss = 0.00, independence_loss = 0.96, classification_loss = 1.55, accuracy = 0.92
23-05-2023 01:34:11 $ loss = 1.99, ranking_loss = 0.13, regularization_loss = 0.00, independence_loss = 0.98, classification_loss = 0.88, accuracy = 0.97
23-05-2023 01:41:18 $ loss = 1.60, ranking_loss = 0.08, regularization_loss = 0.00, independence_loss = 0.97, classification_loss = 0.54, accuracy = 0.98
23-05-2023 01:43:00 $ Experiment 5/12
Model with configuration: dataset=CIFAR10, model=ViT, embedding_dim=1024, whitening=Disable, num_unfrozen_layers=All, ind. loss=None, reg. loss=None, class. loss=Enable, batch=10/10, margin=0.2, num_epochs_in_step=1, num_epoch_steps=5
23-05-2023 02:53:56 $ loss = 1.82, ranking_loss = 0.24, regularization_loss = 0.00, independence_loss = 0.00, classification_loss = 1.58, accuracy = 0.83
23-05-2023 04:26:25 $ loss = 0.76, ranking_loss = 0.15, regularization_loss = 0.00, independence_loss = 0.00, classification_loss = 0.61, accuracy = 0.96
23-05-2023 05:58:58 $ loss = 0.37, ranking_loss = 0.11, regularization_loss = 0.00, independence_loss = 0.00, classification_loss = 0.27, accuracy = 0.97
23-05-2023 07:31:41 $ loss = 0.22, ranking_loss = 0.08, regularization_loss = 0.00, independence_loss = 0.00, classification_loss = 0.14, accuracy = 0.98
23-05-2023 09:05:40 $ loss = 0.16, ranking_loss = 0.06, regularization_loss = 0.00, independence_loss = 0.00, classification_loss = 0.10, accuracy = 0.98
23-05-2023 09:28:08 $ Experiment 6/12
Model with configuration: dataset=CIFAR10, model=ViT, embedding_dim=1024, whitening=Disable, num_unfrozen_layers=All, ind. loss=CorrMatLoss, reg. loss=None, class. loss=Enable, batch=10/10, margin=0.2, num_epochs_in_step=1, num_epoch_steps=5
23-05-2023 10:42:07 $ loss = 3.39, ranking_loss = 0.22, regularization_loss = 0.00, independence_loss = 0.87, classification_loss = 2.30, accuracy = 0.25
23-05-2023 12:21:01 $ loss = 3.36, ranking_loss = 0.20, regularization_loss = 0.00, independence_loss = 0.85, classification_loss = 2.30, accuracy = 0.21
23-05-2023 13:58:14 $ loss = 3.35, ranking_loss = 0.20, regularization_loss = 0.00, independence_loss = 0.85, classification_loss = 2.30, accuracy = 0.18
23-05-2023 15:34:29 $ loss = 3.35, ranking_loss = 0.20, regularization_loss = 0.00, independence_loss = 0.84, classification_loss = 2.30, accuracy = 0.15
23-05-2023 17:01:00 $ loss = nan, ranking_loss = nan, regularization_loss = 0.00, independence_loss = 0.47, classification_loss = nan, accuracy = 0.12
23-05-2023 17:16:46 $ Experiment 7/12
Model with configuration: dataset=Oxford5k, model=AlexNet, embedding_dim=1024, whitening=Disable, num_unfrozen_layers=All, ind. loss=None, reg. loss=None, class. loss=Enable, batch=10/10, margin=0.2, num_epochs_in_step=1, num_epoch_steps=5
23-05-2023 17:17:16 $ loss = 2.66, ranking_loss = 0.24, regularization_loss = 0.00, independence_loss = 0.00, classification_loss = 2.42, accuracy = 0.53
23-05-2023 17:18:19 $ loss = 2.30, ranking_loss = 0.10, regularization_loss = 0.00, independence_loss = 0.00, classification_loss = 2.19, accuracy = 0.95
23-05-2023 17:19:24 $ loss = 2.12, ranking_loss = 0.07, regularization_loss = 0.00, independence_loss = 0.00, classification_loss = 2.05, accuracy = 0.97
23-05-2023 17:20:25 $ loss = 1.98, ranking_loss = 0.05, regularization_loss = 0.00, independence_loss = 0.00, classification_loss = 1.94, accuracy = 0.98
23-05-2023 17:21:25 $ loss = 1.88, ranking_loss = 0.04, regularization_loss = 0.00, independence_loss = 0.00, classification_loss = 1.84, accuracy = 0.98
23-05-2023 17:21:56 $ Experiment 8/12
Model with configuration: dataset=Oxford5k, model=AlexNet, embedding_dim=1024, whitening=Disable, num_unfrozen_layers=All, ind. loss=CorrMatLoss, reg. loss=None, class. loss=Enable, batch=10/10, margin=0.2, num_epochs_in_step=1, num_epoch_steps=5
23-05-2023 17:22:33 $ loss = 3.70, ranking_loss = 0.31, regularization_loss = 0.00, independence_loss = 0.94, classification_loss = 2.46, accuracy = 0.48
23-05-2023 17:23:36 $ loss = 3.55, ranking_loss = 0.25, regularization_loss = 0.00, independence_loss = 0.91, classification_loss = 2.39, accuracy = 0.89
23-05-2023 17:24:40 $ loss = 3.42, ranking_loss = 0.16, regularization_loss = 0.00, independence_loss = 0.94, classification_loss = 2.33, accuracy = 0.95
23-05-2023 17:25:42 $ loss = 3.31, ranking_loss = 0.10, regularization_loss = 0.00, independence_loss = 0.93, classification_loss = 2.28, accuracy = 0.97
23-05-2023 17:26:44 $ loss = 3.21, ranking_loss = 0.06, regularization_loss = 0.00, independence_loss = 0.92, classification_loss = 2.23, accuracy = 0.98
23-05-2023 17:27:17 $ Experiment 9/12
Model with configuration: dataset=Oxford5k, model=ResNet18, embedding_dim=1024, whitening=Disable, num_unfrozen_layers=All, ind. loss=None, reg. loss=None, class. loss=Enable, batch=10/10, margin=0.2, num_epochs_in_step=1, num_epoch_steps=5
23-05-2023 17:27:48 $ loss = 2.55, ranking_loss = 0.13, regularization_loss = 0.00, independence_loss = 0.00, classification_loss = 2.43, accuracy = 0.64
23-05-2023 17:28:52 $ loss = 2.27, ranking_loss = 0.04, regularization_loss = 0.00, independence_loss = 0.00, classification_loss = 2.23, accuracy = 0.96
23-05-2023 17:29:53 $ loss = 2.09, ranking_loss = 0.03, regularization_loss = 0.00, independence_loss = 0.00, classification_loss = 2.07, accuracy = 0.99
23-05-2023 17:30:54 $ loss = 1.96, ranking_loss = 0.01, regularization_loss = 0.00, independence_loss = 0.00, classification_loss = 1.95, accuracy = 0.99
23-05-2023 17:31:58 $ loss = 1.87, ranking_loss = 0.01, regularization_loss = 0.00, independence_loss = 0.00, classification_loss = 1.85, accuracy = 1.00
23-05-2023 17:32:30 $ Experiment 10/12
Model with configuration: dataset=Oxford5k, model=ResNet18, embedding_dim=1024, whitening=Disable, num_unfrozen_layers=All, ind. loss=CorrMatLoss, reg. loss=None, class. loss=Enable, batch=10/10, margin=0.2, num_epochs_in_step=1, num_epoch_steps=5
23-05-2023 17:33:01 $ loss = 3.76, ranking_loss = 0.29, regularization_loss = 0.00, independence_loss = 1.00, classification_loss = 2.47, accuracy = 0.21
23-05-2023 17:34:06 $ loss = 3.67, ranking_loss = 0.26, regularization_loss = 0.00, independence_loss = 0.95, classification_loss = 2.46, accuracy = 0.21
23-05-2023 17:35:05 $ loss = 3.63, ranking_loss = 0.25, regularization_loss = 0.00, independence_loss = 0.93, classification_loss = 2.45, accuracy = 0.37
23-05-2023 17:36:11 $ loss = 3.60, ranking_loss = 0.24, regularization_loss = 0.00, independence_loss = 0.92, classification_loss = 2.44, accuracy = 0.49
23-05-2023 17:37:14 $ loss = 3.57, ranking_loss = 0.23, regularization_loss = 0.00, independence_loss = 0.92, classification_loss = 2.43, accuracy = 0.56
23-05-2023 17:37:46 $ Experiment 11/12
Model with configuration: dataset=Oxford5k, model=ViT, embedding_dim=1024, whitening=Disable, num_unfrozen_layers=All, ind. loss=None, reg. loss=None, class. loss=Enable, batch=10/10, margin=0.2, num_epochs_in_step=1, num_epoch_steps=5
23-05-2023 17:44:03 $ loss = 2.48, ranking_loss = 0.10, regularization_loss = 0.00, independence_loss = 0.00, classification_loss = 2.38, accuracy = 0.78
23-05-2023 17:52:33 $ loss = 2.19, ranking_loss = 0.04, regularization_loss = 0.00, independence_loss = 0.00, classification_loss = 2.15, accuracy = 0.98
23-05-2023 18:01:07 $ loss = 2.05, ranking_loss = 0.03, regularization_loss = 0.00, independence_loss = 0.00, classification_loss = 2.01, accuracy = 0.99
23-05-2023 18:09:41 $ loss = 1.95, ranking_loss = 0.03, regularization_loss = 0.00, independence_loss = 0.00, classification_loss = 1.92, accuracy = 0.99
23-05-2023 18:18:15 $ loss = 1.84, ranking_loss = 0.02, regularization_loss = 0.00, independence_loss = 0.00, classification_loss = 1.81, accuracy = 0.99
23-05-2023 18:20:24 $ Experiment 12/12
Model with configuration: dataset=Oxford5k, model=ViT, embedding_dim=1024, whitening=Disable, num_unfrozen_layers=All, ind. loss=CorrMatLoss, reg. loss=None, class. loss=Enable, batch=10/10, margin=0.2, num_epochs_in_step=1, num_epoch_steps=5
23-05-2023 18:26:45 $ loss = 3.71, ranking_loss = 0.26, regularization_loss = 0.00, independence_loss = 0.97, classification_loss = 2.48, accuracy = 0.11
23-05-2023 18:35:14 $ loss = 3.60, ranking_loss = 0.21, regularization_loss = 0.00, independence_loss = 0.91, classification_loss = 2.48, accuracy = 0.09
23-05-2023 18:43:43 $ loss = 3.59, ranking_loss = 0.21, regularization_loss = 0.00, independence_loss = 0.90, classification_loss = 2.48, accuracy = 0.08
23-05-2023 18:52:10 $ loss = 3.58, ranking_loss = 0.21, regularization_loss = 0.00, independence_loss = 0.90, classification_loss = 2.48, accuracy = 0.09
23-05-2023 19:00:38 $ loss = 3.58, ranking_loss = 0.21, regularization_loss = 0.00, independence_loss = 0.89, classification_loss = 2.48, accuracy = 0.09
