23-05-2023 16:13:12 $ Using device='cuda'
23-05-2023 16:13:14 $ Experiment 1/3
Model with configuration: dataset=CIFAR10, model=ResNet18, embedding_dim=1024, whitening=Disable, num_unfrozen_layers=1, ind. loss=NegApproxLoss1, reg. loss=None, class. loss=Enable, batch=10/40, margin=0.2, num_epochs_in_step=2, num_epoch_steps=3
23-05-2023 16:14:05 $ loss = 2.73, ranking_loss = 0.29, regularization_loss = 0.00, independence_loss = 0.15, classification_loss = 2.29, accuracy = 0.44
23-05-2023 16:14:48 $ loss = 2.67, ranking_loss = 0.25, regularization_loss = 0.00, independence_loss = 0.15, classification_loss = 2.27, accuracy = 0.73
23-05-2023 16:16:19 $ loss = 2.63, ranking_loss = 0.26, regularization_loss = 0.00, independence_loss = 0.15, classification_loss = 2.22, accuracy = 0.75
23-05-2023 16:17:01 $ loss = 2.47, ranking_loss = 0.41, regularization_loss = 0.00, independence_loss = 0.15, classification_loss = 1.91, accuracy = 0.77
23-05-2023 16:18:32 $ loss = 2.31, ranking_loss = 0.45, regularization_loss = 0.00, independence_loss = 0.15, classification_loss = 1.71, accuracy = 0.79
23-05-2023 16:19:16 $ loss = 2.21, ranking_loss = 0.47, regularization_loss = 0.00, independence_loss = 0.15, classification_loss = 1.59, accuracy = 0.80
23-05-2023 16:20:04 $ Experiment 2/3
Model with configuration: dataset=CIFAR10, model=ResNet18, embedding_dim=1024, whitening=ZCA1, num_unfrozen_layers=1, ind. loss=NegApproxLoss1, reg. loss=None, class. loss=Enable, batch=10/40, margin=0.2, num_epochs_in_step=2, num_epoch_steps=3
23-05-2023 16:40:31 $ loss = 4.47, ranking_loss = 1.79, regularization_loss = 0.00, independence_loss = 0.63, classification_loss = 2.05, accuracy = 0.48
23-05-2023 17:00:58 $ loss = 3.97, ranking_loss = 1.63, regularization_loss = 0.00, independence_loss = 0.66, classification_loss = 1.68, accuracy = 0.72
23-05-2023 17:22:16 $ loss = 3.69, ranking_loss = 1.56, regularization_loss = 0.00, independence_loss = 0.68, classification_loss = 1.46, accuracy = 0.75
23-05-2023 17:42:46 $ loss = 3.48, ranking_loss = 1.50, regularization_loss = 0.00, independence_loss = 0.69, classification_loss = 1.30, accuracy = 0.76
23-05-2023 18:04:06 $ loss = 3.31, ranking_loss = 1.46, regularization_loss = 0.00, independence_loss = 0.69, classification_loss = 1.16, accuracy = 0.77
23-05-2023 18:24:36 $ loss = 3.18, ranking_loss = 1.43, regularization_loss = 0.00, independence_loss = 0.70, classification_loss = 1.05, accuracy = 0.78
23-05-2023 18:25:28 $ Experiment 3/3
Model with configuration: dataset=CIFAR10, model=ResNet18, embedding_dim=1024, whitening=ZCA2, num_unfrozen_layers=1, ind. loss=NegApproxLoss1, reg. loss=None, class. loss=Enable, batch=10/40, margin=0.2, num_epochs_in_step=2, num_epoch_steps=3
23-05-2023 18:26:15 $ loss = 4.18, ranking_loss = 1.91, regularization_loss = 0.00, independence_loss = 0.22, classification_loss = 2.05, accuracy = 0.60
23-05-2023 18:27:00 $ loss = 3.61, ranking_loss = 1.74, regularization_loss = 0.00, independence_loss = 0.22, classification_loss = 1.65, accuracy = 0.77
23-05-2023 18:28:36 $ loss = 3.26, ranking_loss = 1.67, regularization_loss = 0.00, independence_loss = 0.22, classification_loss = 1.36, accuracy = 0.79
23-05-2023 18:29:21 $ loss = 3.02, ranking_loss = 1.65, regularization_loss = 0.00, independence_loss = 0.22, classification_loss = 1.15, accuracy = 0.80
23-05-2023 18:30:56 $ loss = 2.85, ranking_loss = 1.63, regularization_loss = 0.00, independence_loss = 0.22, classification_loss = 0.99, accuracy = 0.80
23-05-2023 18:31:41 $ loss = 2.70, ranking_loss = 1.60, regularization_loss = 0.00, independence_loss = 0.22, classification_loss = 0.87, accuracy = 0.81
