20-05-2023 11:37:59 $ Using device='cuda'
20-05-2023 11:37:59 $ Experiment 1/2
Model with configuration: dataset=CIFAR10, model=ResNet18, embedding_dim=1024, whitening=Disable, num_unfrozen_layers=All, ind. loss=None, reg. loss=L1, class. loss=Enable, batch=10/10, margin=0.2, num_epochs_in_step=1, num_epoch_steps=20
20-05-2023 11:40:10 $ loss = 1.91, ranking_loss = 0.26, regularization_loss = 0.02, independence_loss = 0.00, classification_loss = 1.62, accuracy = 0.87
20-05-2023 11:43:56 $ loss = 0.79, ranking_loss = 0.16, regularization_loss = 0.02, independence_loss = 0.00, classification_loss = 0.61, accuracy = 0.96
20-05-2023 11:47:44 $ loss = 0.38, ranking_loss = 0.10, regularization_loss = 0.02, independence_loss = 0.00, classification_loss = 0.25, accuracy = 0.98
20-05-2023 11:51:32 $ loss = 0.23, ranking_loss = 0.08, regularization_loss = 0.02, independence_loss = 0.00, classification_loss = 0.13, accuracy = 0.98
20-05-2023 11:55:20 $ loss = 0.16, ranking_loss = 0.06, regularization_loss = 0.02, independence_loss = 0.00, classification_loss = 0.08, accuracy = 0.98
20-05-2023 11:59:08 $ loss = 0.13, ranking_loss = 0.05, regularization_loss = 0.02, independence_loss = 0.00, classification_loss = 0.06, accuracy = 0.99
20-05-2023 12:02:57 $ loss = 0.11, ranking_loss = 0.04, regularization_loss = 0.02, independence_loss = 0.00, classification_loss = 0.05, accuracy = 0.99
20-05-2023 12:06:46 $ loss = 0.09, ranking_loss = 0.03, regularization_loss = 0.02, independence_loss = 0.00, classification_loss = 0.04, accuracy = 0.99
20-05-2023 12:10:37 $ loss = 0.09, ranking_loss = 0.03, regularization_loss = 0.02, independence_loss = 0.00, classification_loss = 0.04, accuracy = 0.99
20-05-2023 12:14:26 $ loss = 0.08, ranking_loss = 0.02, regularization_loss = 0.02, independence_loss = 0.00, classification_loss = 0.04, accuracy = 0.99
20-05-2023 12:18:16 $ loss = 0.07, ranking_loss = 0.02, regularization_loss = 0.02, independence_loss = 0.00, classification_loss = 0.03, accuracy = 0.99
20-05-2023 12:18:16 $ `Trainer.fit` stopped: `max_epochs=1` reached.
20-05-2023 12:18:16 $ LOCAL_RANK: 0 - CUDA_VISIBLE_DEVICES: [0]
20-05-2023 12:19:49 $ LOCAL_RANK: 0 - CUDA_VISIBLE_DEVICES: [0]
20-05-2023 12:19:55 $ GPU available: True (cuda), used: True
20-05-2023 12:19:55 $ TPU available: False, using: 0 TPU cores
20-05-2023 12:19:55 $ IPU available: False, using: 0 IPUs
20-05-2023 12:19:55 $ HPU available: False, using: 0 HPUs
20-05-2023 12:19:55 $ LOCAL_RANK: 0 - CUDA_VISIBLE_DEVICES: [0]
20-05-2023 12:19:55 $ 
  | Name                | Type             | Params
---------------------------------------------------------
0 | model               | ResNet           | 11.7 M
1 | classifier          | Linear           | 10.2 K
2 | relu                | ReLU             | 0     
3 | softmax             | Softmax          | 0     
4 | classification_loss | CrossEntropyLoss | 0     
---------------------------------------------------------
11.7 M    Trainable params
0         Non-trainable params
11.7 M    Total params
46.848    Total estimated model params size (MB)
20-05-2023 12:22:08 $ loss = 0.07, ranking_loss = 0.02, regularization_loss = 0.02, independence_loss = 0.00, classification_loss = 0.03, accuracy = 0.99
20-05-2023 12:22:08 $ `Trainer.fit` stopped: `max_epochs=1` reached.
20-05-2023 12:22:08 $ LOCAL_RANK: 0 - CUDA_VISIBLE_DEVICES: [0]
20-05-2023 12:23:40 $ LOCAL_RANK: 0 - CUDA_VISIBLE_DEVICES: [0]
20-05-2023 12:23:46 $ GPU available: True (cuda), used: True
20-05-2023 12:23:46 $ TPU available: False, using: 0 TPU cores
20-05-2023 12:23:46 $ IPU available: False, using: 0 IPUs
20-05-2023 12:23:46 $ HPU available: False, using: 0 HPUs
20-05-2023 12:23:46 $ LOCAL_RANK: 0 - CUDA_VISIBLE_DEVICES: [0]
20-05-2023 12:23:46 $ 
  | Name                | Type             | Params
---------------------------------------------------------
0 | model               | ResNet           | 11.7 M
1 | classifier          | Linear           | 10.2 K
2 | relu                | ReLU             | 0     
3 | softmax             | Softmax          | 0     
4 | classification_loss | CrossEntropyLoss | 0     
---------------------------------------------------------
11.7 M    Trainable params
0         Non-trainable params
11.7 M    Total params
46.848    Total estimated model params size (MB)
20-05-2023 12:25:58 $ loss = 0.07, ranking_loss = 0.02, regularization_loss = 0.02, independence_loss = 0.00, classification_loss = 0.03, accuracy = 0.99
20-05-2023 12:25:58 $ `Trainer.fit` stopped: `max_epochs=1` reached.
20-05-2023 12:25:58 $ LOCAL_RANK: 0 - CUDA_VISIBLE_DEVICES: [0]
20-05-2023 12:27:31 $ LOCAL_RANK: 0 - CUDA_VISIBLE_DEVICES: [0]
20-05-2023 12:27:36 $ GPU available: True (cuda), used: True
20-05-2023 12:27:36 $ TPU available: False, using: 0 TPU cores
20-05-2023 12:27:36 $ IPU available: False, using: 0 IPUs
20-05-2023 12:27:36 $ HPU available: False, using: 0 HPUs
20-05-2023 12:27:37 $ LOCAL_RANK: 0 - CUDA_VISIBLE_DEVICES: [0]
20-05-2023 12:27:37 $ 
  | Name                | Type             | Params
---------------------------------------------------------
0 | model               | ResNet           | 11.7 M
1 | classifier          | Linear           | 10.2 K
2 | relu                | ReLU             | 0     
3 | softmax             | Softmax          | 0     
4 | classification_loss | CrossEntropyLoss | 0     
---------------------------------------------------------
11.7 M    Trainable params
0         Non-trainable params
11.7 M    Total params
46.848    Total estimated model params size (MB)
20-05-2023 12:29:49 $ loss = 0.07, ranking_loss = 0.02, regularization_loss = 0.02, independence_loss = 0.00, classification_loss = 0.03, accuracy = 0.99
20-05-2023 12:29:49 $ `Trainer.fit` stopped: `max_epochs=1` reached.
20-05-2023 12:29:50 $ LOCAL_RANK: 0 - CUDA_VISIBLE_DEVICES: [0]
20-05-2023 12:31:21 $ LOCAL_RANK: 0 - CUDA_VISIBLE_DEVICES: [0]
20-05-2023 12:31:28 $ GPU available: True (cuda), used: True
20-05-2023 12:31:28 $ TPU available: False, using: 0 TPU cores
20-05-2023 12:31:28 $ IPU available: False, using: 0 IPUs
20-05-2023 12:31:28 $ HPU available: False, using: 0 HPUs
20-05-2023 12:31:28 $ LOCAL_RANK: 0 - CUDA_VISIBLE_DEVICES: [0]
20-05-2023 12:31:28 $ 
  | Name                | Type             | Params
---------------------------------------------------------
0 | model               | ResNet           | 11.7 M
1 | classifier          | Linear           | 10.2 K
2 | relu                | ReLU             | 0     
3 | softmax             | Softmax          | 0     
4 | classification_loss | CrossEntropyLoss | 0     
---------------------------------------------------------
11.7 M    Trainable params
0         Non-trainable params
11.7 M    Total params
46.848    Total estimated model params size (MB)
20-05-2023 12:33:40 $ loss = 0.06, ranking_loss = 0.02, regularization_loss = 0.02, independence_loss = 0.00, classification_loss = 0.03, accuracy = 0.99
20-05-2023 12:33:40 $ `Trainer.fit` stopped: `max_epochs=1` reached.
20-05-2023 12:33:40 $ LOCAL_RANK: 0 - CUDA_VISIBLE_DEVICES: [0]
20-05-2023 12:35:12 $ LOCAL_RANK: 0 - CUDA_VISIBLE_DEVICES: [0]
20-05-2023 12:35:18 $ GPU available: True (cuda), used: True
20-05-2023 12:35:18 $ TPU available: False, using: 0 TPU cores
20-05-2023 12:35:18 $ IPU available: False, using: 0 IPUs
20-05-2023 12:35:18 $ HPU available: False, using: 0 HPUs
20-05-2023 12:35:18 $ LOCAL_RANK: 0 - CUDA_VISIBLE_DEVICES: [0]
20-05-2023 12:35:18 $ 
  | Name                | Type             | Params
---------------------------------------------------------
0 | model               | ResNet           | 11.7 M
1 | classifier          | Linear           | 10.2 K
2 | relu                | ReLU             | 0     
3 | softmax             | Softmax          | 0     
4 | classification_loss | CrossEntropyLoss | 0     
---------------------------------------------------------
11.7 M    Trainable params
0         Non-trainable params
11.7 M    Total params
46.848    Total estimated model params size (MB)
20-05-2023 12:37:30 $ loss = 0.06, ranking_loss = 0.01, regularization_loss = 0.02, independence_loss = 0.00, classification_loss = 0.03, accuracy = 0.99
20-05-2023 12:37:30 $ `Trainer.fit` stopped: `max_epochs=1` reached.
20-05-2023 12:37:31 $ LOCAL_RANK: 0 - CUDA_VISIBLE_DEVICES: [0]
20-05-2023 12:39:03 $ LOCAL_RANK: 0 - CUDA_VISIBLE_DEVICES: [0]
20-05-2023 12:39:09 $ GPU available: True (cuda), used: True
20-05-2023 12:39:09 $ TPU available: False, using: 0 TPU cores
20-05-2023 12:39:09 $ IPU available: False, using: 0 IPUs
20-05-2023 12:39:09 $ HPU available: False, using: 0 HPUs
20-05-2023 12:39:09 $ LOCAL_RANK: 0 - CUDA_VISIBLE_DEVICES: [0]
20-05-2023 12:39:09 $ 
  | Name                | Type             | Params
---------------------------------------------------------
0 | model               | ResNet           | 11.7 M
1 | classifier          | Linear           | 10.2 K
2 | relu                | ReLU             | 0     
3 | softmax             | Softmax          | 0     
4 | classification_loss | CrossEntropyLoss | 0     
---------------------------------------------------------
11.7 M    Trainable params
0         Non-trainable params
11.7 M    Total params
46.848    Total estimated model params size (MB)
20-05-2023 12:41:21 $ loss = 0.06, ranking_loss = 0.01, regularization_loss = 0.02, independence_loss = 0.00, classification_loss = 0.03, accuracy = 0.99
20-05-2023 12:41:21 $ `Trainer.fit` stopped: `max_epochs=1` reached.
20-05-2023 12:41:22 $ LOCAL_RANK: 0 - CUDA_VISIBLE_DEVICES: [0]
20-05-2023 12:42:54 $ LOCAL_RANK: 0 - CUDA_VISIBLE_DEVICES: [0]
20-05-2023 12:43:00 $ GPU available: True (cuda), used: True
20-05-2023 12:43:00 $ TPU available: False, using: 0 TPU cores
20-05-2023 12:43:00 $ IPU available: False, using: 0 IPUs
20-05-2023 12:43:00 $ HPU available: False, using: 0 HPUs
20-05-2023 12:43:00 $ LOCAL_RANK: 0 - CUDA_VISIBLE_DEVICES: [0]
20-05-2023 12:43:00 $ 
  | Name                | Type             | Params
---------------------------------------------------------
0 | model               | ResNet           | 11.7 M
1 | classifier          | Linear           | 10.2 K
2 | relu                | ReLU             | 0     
3 | softmax             | Softmax          | 0     
4 | classification_loss | CrossEntropyLoss | 0     
---------------------------------------------------------
11.7 M    Trainable params
0         Non-trainable params
11.7 M    Total params
46.848    Total estimated model params size (MB)
20-05-2023 12:45:13 $ loss = 0.06, ranking_loss = 0.01, regularization_loss = 0.02, independence_loss = 0.00, classification_loss = 0.03, accuracy = 0.99
20-05-2023 12:45:13 $ `Trainer.fit` stopped: `max_epochs=1` reached.
20-05-2023 12:45:13 $ LOCAL_RANK: 0 - CUDA_VISIBLE_DEVICES: [0]
20-05-2023 12:46:45 $ LOCAL_RANK: 0 - CUDA_VISIBLE_DEVICES: [0]
20-05-2023 12:46:51 $ GPU available: True (cuda), used: True
20-05-2023 12:46:51 $ TPU available: False, using: 0 TPU cores
20-05-2023 12:46:51 $ IPU available: False, using: 0 IPUs
20-05-2023 12:46:51 $ HPU available: False, using: 0 HPUs
20-05-2023 12:46:51 $ LOCAL_RANK: 0 - CUDA_VISIBLE_DEVICES: [0]
20-05-2023 12:46:51 $ 
  | Name                | Type             | Params
---------------------------------------------------------
0 | model               | ResNet           | 11.7 M
1 | classifier          | Linear           | 10.2 K
2 | relu                | ReLU             | 0     
3 | softmax             | Softmax          | 0     
4 | classification_loss | CrossEntropyLoss | 0     
---------------------------------------------------------
11.7 M    Trainable params
0         Non-trainable params
11.7 M    Total params
46.848    Total estimated model params size (MB)
20-05-2023 12:49:05 $ loss = 0.06, ranking_loss = 0.01, regularization_loss = 0.02, independence_loss = 0.00, classification_loss = 0.03, accuracy = 0.99
20-05-2023 12:49:05 $ `Trainer.fit` stopped: `max_epochs=1` reached.
20-05-2023 12:49:05 $ LOCAL_RANK: 0 - CUDA_VISIBLE_DEVICES: [0]
20-05-2023 12:50:39 $ LOCAL_RANK: 0 - CUDA_VISIBLE_DEVICES: [0]
20-05-2023 12:50:44 $ GPU available: True (cuda), used: True
20-05-2023 12:50:44 $ TPU available: False, using: 0 TPU cores
20-05-2023 12:50:44 $ IPU available: False, using: 0 IPUs
20-05-2023 12:50:44 $ HPU available: False, using: 0 HPUs
20-05-2023 12:50:44 $ LOCAL_RANK: 0 - CUDA_VISIBLE_DEVICES: [0]
20-05-2023 12:50:44 $ 
  | Name                | Type             | Params
---------------------------------------------------------
0 | model               | ResNet           | 11.7 M
1 | classifier          | Linear           | 10.2 K
2 | relu                | ReLU             | 0     
3 | softmax             | Softmax          | 0     
4 | classification_loss | CrossEntropyLoss | 0     
---------------------------------------------------------
11.7 M    Trainable params
0         Non-trainable params
11.7 M    Total params
46.848    Total estimated model params size (MB)
20-05-2023 12:52:57 $ loss = 0.05, ranking_loss = 0.01, regularization_loss = 0.02, independence_loss = 0.00, classification_loss = 0.02, accuracy = 1.00
20-05-2023 12:52:57 $ `Trainer.fit` stopped: `max_epochs=1` reached.
20-05-2023 12:52:58 $ LOCAL_RANK: 0 - CUDA_VISIBLE_DEVICES: [0]
20-05-2023 12:54:31 $ LOCAL_RANK: 0 - CUDA_VISIBLE_DEVICES: [0]
20-05-2023 12:54:37 $ Experiment 2/2
Model with configuration: dataset=Oxford5k, model=ResNet18, embedding_dim=1024, whitening=Disable, num_unfrozen_layers=All, ind. loss=None, reg. loss=L1, class. loss=Enable, batch=10/10, margin=0.2, num_epochs_in_step=1, num_epoch_steps=20
20-05-2023 12:54:37 $ GPU available: True (cuda), used: True
20-05-2023 12:54:37 $ TPU available: False, using: 0 TPU cores
20-05-2023 12:54:37 $ IPU available: False, using: 0 IPUs
20-05-2023 12:54:37 $ HPU available: False, using: 0 HPUs
20-05-2023 12:54:37 $ LOCAL_RANK: 0 - CUDA_VISIBLE_DEVICES: [0]
20-05-2023 12:54:37 $ 
  | Name                | Type             | Params
---------------------------------------------------------
0 | model               | ResNet           | 11.7 M
1 | classifier          | Linear           | 12.3 K
2 | relu                | ReLU             | 0     
3 | softmax             | Softmax          | 0     
4 | classification_loss | CrossEntropyLoss | 0     
---------------------------------------------------------
11.7 M    Trainable params
0         Non-trainable params
11.7 M    Total params
46.856    Total estimated model params size (MB)
20-05-2023 12:56:17 $ loss = 2.58, ranking_loss = 0.13, regularization_loss = 0.02, independence_loss = 0.00, classification_loss = 2.43, accuracy = 0.52
20-05-2023 12:56:17 $ `Trainer.fit` stopped: `max_epochs=1` reached.
20-05-2023 12:56:21 $ LOCAL_RANK: 0 - CUDA_VISIBLE_DEVICES: [0]
20-05-2023 12:57:59 $ LOCAL_RANK: 0 - CUDA_VISIBLE_DEVICES: [0]
20-05-2023 12:58:01 $ GPU available: True (cuda), used: True
20-05-2023 12:58:01 $ TPU available: False, using: 0 TPU cores
20-05-2023 12:58:01 $ IPU available: False, using: 0 IPUs
20-05-2023 12:58:01 $ HPU available: False, using: 0 HPUs
20-05-2023 12:58:01 $ LOCAL_RANK: 0 - CUDA_VISIBLE_DEVICES: [0]
20-05-2023 12:58:01 $ 
  | Name                | Type             | Params
---------------------------------------------------------
0 | model               | ResNet           | 11.7 M
1 | classifier          | Linear           | 12.3 K
2 | relu                | ReLU             | 0     
3 | softmax             | Softmax          | 0     
4 | classification_loss | CrossEntropyLoss | 0     
---------------------------------------------------------
11.7 M    Trainable params
0         Non-trainable params
11.7 M    Total params
46.856    Total estimated model params size (MB)
20-05-2023 12:59:40 $ loss = 2.29, ranking_loss = 0.04, regularization_loss = 0.02, independence_loss = 0.00, classification_loss = 2.23, accuracy = 0.98
20-05-2023 12:59:40 $ `Trainer.fit` stopped: `max_epochs=1` reached.
20-05-2023 12:59:43 $ LOCAL_RANK: 0 - CUDA_VISIBLE_DEVICES: [0]
20-05-2023 13:01:18 $ LOCAL_RANK: 0 - CUDA_VISIBLE_DEVICES: [0]
20-05-2023 13:01:21 $ GPU available: True (cuda), used: True
20-05-2023 13:01:21 $ TPU available: False, using: 0 TPU cores
20-05-2023 13:01:21 $ IPU available: False, using: 0 IPUs
20-05-2023 13:01:21 $ HPU available: False, using: 0 HPUs
20-05-2023 13:01:21 $ LOCAL_RANK: 0 - CUDA_VISIBLE_DEVICES: [0]
20-05-2023 13:01:21 $ 
  | Name                | Type             | Params
---------------------------------------------------------
0 | model               | ResNet           | 11.7 M
1 | classifier          | Linear           | 12.3 K
2 | relu                | ReLU             | 0     
3 | softmax             | Softmax          | 0     
4 | classification_loss | CrossEntropyLoss | 0     
---------------------------------------------------------
11.7 M    Trainable params
0         Non-trainable params
11.7 M    Total params
46.856    Total estimated model params size (MB)
20-05-2023 13:02:59 $ loss = 2.12, ranking_loss = 0.03, regularization_loss = 0.02, independence_loss = 0.00, classification_loss = 2.07, accuracy = 0.99
20-05-2023 13:06:19 $ loss = 1.99, ranking_loss = 0.02, regularization_loss = 0.02, independence_loss = 0.00, classification_loss = 1.95, accuracy = 0.99
20-05-2023 13:09:40 $ loss = 1.88, ranking_loss = 0.01, regularization_loss = 0.02, independence_loss = 0.00, classification_loss = 1.85, accuracy = 1.00
20-05-2023 13:12:59 $ loss = 1.78, ranking_loss = 0.01, regularization_loss = 0.02, independence_loss = 0.00, classification_loss = 1.76, accuracy = 1.00
20-05-2023 13:16:19 $ loss = 1.69, ranking_loss = 0.00, regularization_loss = 0.02, independence_loss = 0.00, classification_loss = 1.67, accuracy = 1.00
20-05-2023 13:19:40 $ loss = 1.60, ranking_loss = 0.00, regularization_loss = 0.02, independence_loss = 0.00, classification_loss = 1.58, accuracy = 1.00
20-05-2023 13:23:00 $ loss = 1.52, ranking_loss = 0.01, regularization_loss = 0.02, independence_loss = 0.00, classification_loss = 1.49, accuracy = 1.00
20-05-2023 13:26:19 $ loss = 1.43, ranking_loss = 0.00, regularization_loss = 0.02, independence_loss = 0.00, classification_loss = 1.40, accuracy = 1.00
20-05-2023 13:26:19 $ `Trainer.fit` stopped: `max_epochs=1` reached.
20-05-2023 13:26:22 $ LOCAL_RANK: 0 - CUDA_VISIBLE_DEVICES: [0]
20-05-2023 13:27:57 $ LOCAL_RANK: 0 - CUDA_VISIBLE_DEVICES: [0]
20-05-2023 13:27:59 $ GPU available: True (cuda), used: True
20-05-2023 13:27:59 $ TPU available: False, using: 0 TPU cores
20-05-2023 13:27:59 $ IPU available: False, using: 0 IPUs
20-05-2023 13:27:59 $ HPU available: False, using: 0 HPUs
20-05-2023 13:27:59 $ LOCAL_RANK: 0 - CUDA_VISIBLE_DEVICES: [0]
20-05-2023 13:27:59 $ 
  | Name                | Type             | Params
---------------------------------------------------------
0 | model               | ResNet           | 11.7 M
1 | classifier          | Linear           | 12.3 K
2 | relu                | ReLU             | 0     
3 | softmax             | Softmax          | 0     
4 | classification_loss | CrossEntropyLoss | 0     
---------------------------------------------------------
11.7 M    Trainable params
0         Non-trainable params
11.7 M    Total params
46.856    Total estimated model params size (MB)
20-05-2023 13:29:37 $ loss = 1.34, ranking_loss = 0.00, regularization_loss = 0.02, independence_loss = 0.00, classification_loss = 1.32, accuracy = 1.00
20-05-2023 13:29:37 $ `Trainer.fit` stopped: `max_epochs=1` reached.
20-05-2023 13:29:41 $ LOCAL_RANK: 0 - CUDA_VISIBLE_DEVICES: [0]
20-05-2023 13:31:16 $ LOCAL_RANK: 0 - CUDA_VISIBLE_DEVICES: [0]
20-05-2023 13:31:19 $ GPU available: True (cuda), used: True
20-05-2023 13:31:19 $ TPU available: False, using: 0 TPU cores
20-05-2023 13:31:19 $ IPU available: False, using: 0 IPUs
20-05-2023 13:31:19 $ HPU available: False, using: 0 HPUs
20-05-2023 13:31:19 $ LOCAL_RANK: 0 - CUDA_VISIBLE_DEVICES: [0]
20-05-2023 13:31:19 $ 
  | Name                | Type             | Params
---------------------------------------------------------
0 | model               | ResNet           | 11.7 M
1 | classifier          | Linear           | 12.3 K
2 | relu                | ReLU             | 0     
3 | softmax             | Softmax          | 0     
4 | classification_loss | CrossEntropyLoss | 0     
---------------------------------------------------------
11.7 M    Trainable params
0         Non-trainable params
11.7 M    Total params
46.856    Total estimated model params size (MB)
20-05-2023 13:32:58 $ loss = 1.26, ranking_loss = 0.00, regularization_loss = 0.02, independence_loss = 0.00, classification_loss = 1.24, accuracy = 1.00
20-05-2023 13:32:58 $ `Trainer.fit` stopped: `max_epochs=1` reached.
20-05-2023 13:33:02 $ LOCAL_RANK: 0 - CUDA_VISIBLE_DEVICES: [0]
20-05-2023 13:34:37 $ LOCAL_RANK: 0 - CUDA_VISIBLE_DEVICES: [0]
20-05-2023 13:34:39 $ GPU available: True (cuda), used: True
20-05-2023 13:34:39 $ TPU available: False, using: 0 TPU cores
20-05-2023 13:34:39 $ IPU available: False, using: 0 IPUs
20-05-2023 13:34:39 $ HPU available: False, using: 0 HPUs
20-05-2023 13:34:39 $ LOCAL_RANK: 0 - CUDA_VISIBLE_DEVICES: [0]
20-05-2023 13:34:39 $ 
  | Name                | Type             | Params
---------------------------------------------------------
0 | model               | ResNet           | 11.7 M
1 | classifier          | Linear           | 12.3 K
2 | relu                | ReLU             | 0     
3 | softmax             | Softmax          | 0     
4 | classification_loss | CrossEntropyLoss | 0     
---------------------------------------------------------
11.7 M    Trainable params
0         Non-trainable params
11.7 M    Total params
46.856    Total estimated model params size (MB)
20-05-2023 13:36:17 $ loss = 1.18, ranking_loss = 0.01, regularization_loss = 0.02, independence_loss = 0.00, classification_loss = 1.16, accuracy = 1.00
20-05-2023 13:36:17 $ `Trainer.fit` stopped: `max_epochs=1` reached.
20-05-2023 13:36:21 $ LOCAL_RANK: 0 - CUDA_VISIBLE_DEVICES: [0]
20-05-2023 13:37:57 $ LOCAL_RANK: 0 - CUDA_VISIBLE_DEVICES: [0]
20-05-2023 13:37:59 $ GPU available: True (cuda), used: True
20-05-2023 13:37:59 $ TPU available: False, using: 0 TPU cores
20-05-2023 13:37:59 $ IPU available: False, using: 0 IPUs
20-05-2023 13:37:59 $ HPU available: False, using: 0 HPUs
20-05-2023 13:37:59 $ LOCAL_RANK: 0 - CUDA_VISIBLE_DEVICES: [0]
20-05-2023 13:37:59 $ 
  | Name                | Type             | Params
---------------------------------------------------------
0 | model               | ResNet           | 11.7 M
1 | classifier          | Linear           | 12.3 K
2 | relu                | ReLU             | 0     
3 | softmax             | Softmax          | 0     
4 | classification_loss | CrossEntropyLoss | 0     
---------------------------------------------------------
11.7 M    Trainable params
0         Non-trainable params
11.7 M    Total params
46.856    Total estimated model params size (MB)
20-05-2023 13:39:38 $ loss = 1.10, ranking_loss = 0.00, regularization_loss = 0.02, independence_loss = 0.00, classification_loss = 1.08, accuracy = 1.00
20-05-2023 13:39:38 $ `Trainer.fit` stopped: `max_epochs=1` reached.
20-05-2023 13:39:42 $ LOCAL_RANK: 0 - CUDA_VISIBLE_DEVICES: [0]
20-05-2023 13:41:18 $ LOCAL_RANK: 0 - CUDA_VISIBLE_DEVICES: [0]
20-05-2023 13:41:20 $ GPU available: True (cuda), used: True
20-05-2023 13:41:20 $ TPU available: False, using: 0 TPU cores
20-05-2023 13:41:20 $ IPU available: False, using: 0 IPUs
20-05-2023 13:41:20 $ HPU available: False, using: 0 HPUs
20-05-2023 13:41:20 $ LOCAL_RANK: 0 - CUDA_VISIBLE_DEVICES: [0]
20-05-2023 13:41:20 $ 
  | Name                | Type             | Params
---------------------------------------------------------
0 | model               | ResNet           | 11.7 M
1 | classifier          | Linear           | 12.3 K
2 | relu                | ReLU             | 0     
3 | softmax             | Softmax          | 0     
4 | classification_loss | CrossEntropyLoss | 0     
---------------------------------------------------------
11.7 M    Trainable params
0         Non-trainable params
11.7 M    Total params
46.856    Total estimated model params size (MB)
20-05-2023 13:42:58 $ loss = 1.02, ranking_loss = 0.00, regularization_loss = 0.02, independence_loss = 0.00, classification_loss = 1.00, accuracy = 1.00
20-05-2023 13:42:58 $ `Trainer.fit` stopped: `max_epochs=1` reached.
20-05-2023 13:43:02 $ LOCAL_RANK: 0 - CUDA_VISIBLE_DEVICES: [0]
20-05-2023 13:44:37 $ LOCAL_RANK: 0 - CUDA_VISIBLE_DEVICES: [0]
20-05-2023 13:44:40 $ GPU available: True (cuda), used: True
20-05-2023 13:44:40 $ TPU available: False, using: 0 TPU cores
20-05-2023 13:44:40 $ IPU available: False, using: 0 IPUs
20-05-2023 13:44:40 $ HPU available: False, using: 0 HPUs
20-05-2023 13:44:40 $ LOCAL_RANK: 0 - CUDA_VISIBLE_DEVICES: [0]
20-05-2023 13:44:40 $ 
  | Name                | Type             | Params
---------------------------------------------------------
0 | model               | ResNet           | 11.7 M
1 | classifier          | Linear           | 12.3 K
2 | relu                | ReLU             | 0     
3 | softmax             | Softmax          | 0     
4 | classification_loss | CrossEntropyLoss | 0     
---------------------------------------------------------
11.7 M    Trainable params
0         Non-trainable params
11.7 M    Total params
46.856    Total estimated model params size (MB)
20-05-2023 13:46:18 $ loss = 0.95, ranking_loss = 0.00, regularization_loss = 0.02, independence_loss = 0.00, classification_loss = 0.93, accuracy = 1.00
20-05-2023 13:46:18 $ `Trainer.fit` stopped: `max_epochs=1` reached.
20-05-2023 13:46:22 $ LOCAL_RANK: 0 - CUDA_VISIBLE_DEVICES: [0]
20-05-2023 13:47:58 $ LOCAL_RANK: 0 - CUDA_VISIBLE_DEVICES: [0]
20-05-2023 13:48:00 $ GPU available: True (cuda), used: True
20-05-2023 13:48:00 $ TPU available: False, using: 0 TPU cores
20-05-2023 13:48:00 $ IPU available: False, using: 0 IPUs
20-05-2023 13:48:00 $ HPU available: False, using: 0 HPUs
20-05-2023 13:48:00 $ LOCAL_RANK: 0 - CUDA_VISIBLE_DEVICES: [0]
20-05-2023 13:48:00 $ 
  | Name                | Type             | Params
---------------------------------------------------------
0 | model               | ResNet           | 11.7 M
1 | classifier          | Linear           | 12.3 K
2 | relu                | ReLU             | 0     
3 | softmax             | Softmax          | 0     
4 | classification_loss | CrossEntropyLoss | 0     
---------------------------------------------------------
11.7 M    Trainable params
0         Non-trainable params
11.7 M    Total params
46.856    Total estimated model params size (MB)
20-05-2023 13:49:38 $ loss = 0.89, ranking_loss = 0.00, regularization_loss = 0.02, independence_loss = 0.00, classification_loss = 0.86, accuracy = 1.00
20-05-2023 13:49:38 $ `Trainer.fit` stopped: `max_epochs=1` reached.
20-05-2023 13:49:42 $ LOCAL_RANK: 0 - CUDA_VISIBLE_DEVICES: [0]
20-05-2023 13:51:17 $ LOCAL_RANK: 0 - CUDA_VISIBLE_DEVICES: [0]
20-05-2023 13:51:19 $ GPU available: True (cuda), used: True
20-05-2023 13:51:19 $ TPU available: False, using: 0 TPU cores
20-05-2023 13:51:19 $ IPU available: False, using: 0 IPUs
20-05-2023 13:51:19 $ HPU available: False, using: 0 HPUs
20-05-2023 13:51:19 $ LOCAL_RANK: 0 - CUDA_VISIBLE_DEVICES: [0]
20-05-2023 13:51:19 $ 
  | Name                | Type             | Params
---------------------------------------------------------
0 | model               | ResNet           | 11.7 M
1 | classifier          | Linear           | 12.3 K
2 | relu                | ReLU             | 0     
3 | softmax             | Softmax          | 0     
4 | classification_loss | CrossEntropyLoss | 0     
---------------------------------------------------------
11.7 M    Trainable params
0         Non-trainable params
11.7 M    Total params
46.856    Total estimated model params size (MB)
20-05-2023 13:52:56 $ loss = 0.82, ranking_loss = 0.00, regularization_loss = 0.02, independence_loss = 0.00, classification_loss = 0.80, accuracy = 1.00
20-05-2023 13:52:56 $ `Trainer.fit` stopped: `max_epochs=1` reached.
20-05-2023 13:53:00 $ LOCAL_RANK: 0 - CUDA_VISIBLE_DEVICES: [0]
20-05-2023 13:54:35 $ LOCAL_RANK: 0 - CUDA_VISIBLE_DEVICES: [0]
20-05-2023 13:54:37 $ GPU available: True (cuda), used: True
20-05-2023 13:54:37 $ TPU available: False, using: 0 TPU cores
20-05-2023 13:54:37 $ IPU available: False, using: 0 IPUs
20-05-2023 13:54:37 $ HPU available: False, using: 0 HPUs
20-05-2023 13:54:37 $ LOCAL_RANK: 0 - CUDA_VISIBLE_DEVICES: [0]
20-05-2023 13:54:37 $ 
  | Name                | Type             | Params
---------------------------------------------------------
0 | model               | ResNet           | 11.7 M
1 | classifier          | Linear           | 12.3 K
2 | relu                | ReLU             | 0     
3 | softmax             | Softmax          | 0     
4 | classification_loss | CrossEntropyLoss | 0     
---------------------------------------------------------
11.7 M    Trainable params
0         Non-trainable params
11.7 M    Total params
46.856    Total estimated model params size (MB)
20-05-2023 13:56:15 $ loss = 0.77, ranking_loss = 0.01, regularization_loss = 0.02, independence_loss = 0.00, classification_loss = 0.74, accuracy = 1.00
20-05-2023 13:56:15 $ `Trainer.fit` stopped: `max_epochs=1` reached.
20-05-2023 13:56:19 $ LOCAL_RANK: 0 - CUDA_VISIBLE_DEVICES: [0]
20-05-2023 13:57:54 $ LOCAL_RANK: 0 - CUDA_VISIBLE_DEVICES: [0]
20-05-2023 13:57:57 $ GPU available: True (cuda), used: True
20-05-2023 13:57:57 $ TPU available: False, using: 0 TPU cores
20-05-2023 13:57:57 $ IPU available: False, using: 0 IPUs
20-05-2023 13:57:57 $ HPU available: False, using: 0 HPUs
20-05-2023 13:57:57 $ LOCAL_RANK: 0 - CUDA_VISIBLE_DEVICES: [0]
20-05-2023 13:57:57 $ 
  | Name                | Type             | Params
---------------------------------------------------------
0 | model               | ResNet           | 11.7 M
1 | classifier          | Linear           | 12.3 K
2 | relu                | ReLU             | 0     
3 | softmax             | Softmax          | 0     
4 | classification_loss | CrossEntropyLoss | 0     
---------------------------------------------------------
11.7 M    Trainable params
0         Non-trainable params
11.7 M    Total params
46.856    Total estimated model params size (MB)
20-05-2023 13:59:34 $ loss = 0.70, ranking_loss = 0.00, regularization_loss = 0.02, independence_loss = 0.00, classification_loss = 0.68, accuracy = 1.00
20-05-2023 13:59:34 $ `Trainer.fit` stopped: `max_epochs=1` reached.
20-05-2023 13:59:38 $ LOCAL_RANK: 0 - CUDA_VISIBLE_DEVICES: [0]
20-05-2023 14:01:12 $ LOCAL_RANK: 0 - CUDA_VISIBLE_DEVICES: [0]
